2021-06-15T09:51:20-0400 INFO - Starting ./__Render2Album_EXEC_GLOBAL.sh
2021-06-15T09:51:20-0400 -- empty log message, no input received --
2021-06-15T09:51:20-0400 -- empty log message, no input received --
2021-06-15T09:51:20-0400 FTAG - dali_v02-864
2021-06-15T09:51:20-0400 MODELTAG - model_gia-ds-daliwill-210123-v02_new
2021-06-15T10:13:42-0400 INFO - Starting ./__Render2Album_EXEC_GLOBAL.sh
2021-06-15T10:13:42-0400 -- empty log message, no input received --
2021-06-15T10:13:42-0400 -- empty log message, no input received --
2021-06-15T10:13:42-0400 FTAG - dali_v02-864
2021-06-15T10:13:42-0400 -- empty log message, no input received --
2021-06-15T10:13:42-0400 STARTING - Rendering
2021-06-15T10:13:46-0400 COMPLETED - Rendering
2021-06-15T10:18:06-0400 INFO - Starting ./__Render2Album_EXEC_GLOBAL.sh
2021-06-15T10:18:06-0400 -- empty log message, no input received --
2021-06-15T10:18:06-0400 -- empty log message, no input received --
2021-06-15T10:18:06-0400 FTAG - dali_v02-864
2021-06-15T10:18:06-0400 -- empty log message, no input received --
2021-06-15T10:18:06-0400 STARTING - Rendering
2021-06-15T10:18:08-0400 COMPLETED - Rendering
2021-06-15T10:21:33-0400 INFO - Starting ./__Render2Album_EXEC_GLOBAL.sh
2021-06-15T10:21:33-0400 -- empty log message, no input received --
2021-06-15T10:21:33-0400 -- empty log message, no input received --
2021-06-15T10:21:33-0400 FTAG - dali_v02-864
2021-06-15T10:21:33-0400 -- empty log message, no input received --
2021-06-15T10:21:33-0400 STARTING - Rendering
2021-06-15T10:21:36-0400 COMPLETED - Rendering
2021-06-15T10:22:48-0400 INFO - Starting ./__Render2Album_EXEC_GLOBAL.sh
2021-06-15T10:22:48-0400 -- empty log message, no input received --
2021-06-15T10:22:48-0400 -- empty log message, no input received --
2021-06-15T10:22:48-0400 FTAG - dali_v02-864
2021-06-15T10:22:48-0400 -- empty log message, no input received --
2021-06-15T10:22:48-0400 STARTING - Rendering
2021-06-15T10:22:51-0400 COMPLETED - Rendering
2021-06-15T10:25:28-0400 INFO - Starting ./__Render2Album_EXEC_GLOBAL.sh
2021-06-15T10:25:28-0400 -- empty log message, no input received --
2021-06-15T10:25:28-0400 -- empty log message, no input received --
2021-06-15T10:25:28-0400 FTAG - dali_v02-864
2021-06-15T10:25:28-0400 -- empty log message, no input received --
2021-06-15T10:25:28-0400 STARTING - Rendering
2021-06-15T10:25:30-0400 COMPLETED - Rendering
2021-06-15T10:26:45-0400 INFO - Starting ./__Render2Album_EXEC_GLOBAL.sh
2021-06-15T10:26:45-0400 -- empty log message, no input received --
2021-06-15T10:26:45-0400 -- empty log message, no input received --
2021-06-15T10:26:45-0400 FTAG - dali_v02-864
2021-06-15T10:26:45-0400 -- empty log message, no input received --
2021-06-15T10:26:45-0400 STARTING - Rendering
2021-06-15T10:26:45-0400 COMPLETED - Rendering
2021-06-15T10:27:22-0400 INFO - Starting ./__Render2Album_EXEC_GLOBAL.sh
2021-06-15T10:27:22-0400 -- empty log message, no input received --
2021-06-15T10:27:22-0400 -- empty log message, no input received --
2021-06-15T10:27:22-0400 FTAG - dali_v02-864
2021-06-15T10:27:22-0400 MODELTAG - model_gia-ds-daliwill-210123-v02_new
2021-06-15T10:27:22-0400 STARTING - Rendering
2021-06-15T10:27:22-0400 COMPLETED - Rendering
2021-06-15T10:29:17-0400 INFO - Starting ./__Render2Album_EXEC_GLOBAL.sh
2021-06-15T10:29:17-0400 -- empty log message, no input received --
2021-06-15T10:29:17-0400 -- empty log message, no input received --
2021-06-15T10:29:17-0400 FTAG - dali_v02-864
2021-06-15T10:29:17-0400 MODELTAG - model_gia-ds-daliwill-210123-v02_new
2021-06-15T10:29:17-0400 STARTING - Rendering
2021-06-15T10:29:17-0400 COMPLETED - Rendering
2021-06-15T10:29:43-0400 INFO - Starting ./__Render2Album_EXEC_GLOBAL.sh
2021-06-15T10:29:43-0400 -- empty log message, no input received --
2021-06-15T10:29:43-0400 -- empty log message, no input received --
2021-06-15T10:29:43-0400 FTAG - dali_v02-864
2021-06-15T10:29:43-0400 MODELTAG - model_gia-ds-daliwill-210123-v02_new
2021-06-15T10:29:43-0400 STARTING - Rendering
2021-06-15T10:29:46-0400 COMPLETED - Rendering
2021-06-15T10:34:38-0400 INFO - Starting ./__Render2Album_EXEC_GLOBAL.sh
2021-06-15T10:34:38-0400 -- empty log message, no input received --
2021-06-15T10:34:38-0400 -- empty log message, no input received --
2021-06-15T10:34:38-0400 FTAG - dali_v02-864
2021-06-15T10:34:38-0400 MODELTAG - model_gia-ds-daliwill-210123-v02_new
2021-06-15T10:34:38-0400 STARTING - Rendering
2021-06-15T10:34:49-0400 COMPLETED - Rendering
2021-06-15T10:35:58-0400 INFO - Starting ./__Render2Album_EXEC_GLOBAL.sh
2021-06-15T10:35:58-0400 -- empty log message, no input received --
2021-06-15T10:35:58-0400 -- empty log message, no input received --
2021-06-15T10:35:58-0400 FTAG - dali_v02-864
2021-06-15T10:35:58-0400 MODELTAG - model_gia-ds-daliwill-210123-v02_new
2021-06-15T10:35:58-0400 STARTING - Rendering
2021-06-15T10:36:02-0400 COMPLETED - Rendering
2021-06-15T10:37:18-0400 INFO - Starting ./__Render2Album_EXEC_GLOBAL.sh
2021-06-15T10:37:18-0400 -- empty log message, no input received --
2021-06-15T10:37:18-0400 -- empty log message, no input received --
2021-06-15T10:37:18-0400 FTAG - dali_v02-864
2021-06-15T10:37:18-0400 MODELTAG - model_gia-ds-daliwill-210123-v02_new
2021-06-15T10:37:18-0400 STARTING - Rendering
2021-06-15T10:38:36-0400 INFO - Starting ./__Render2Album_EXEC_GLOBAL.sh
2021-06-15T10:38:36-0400 -- empty log message, no input received --
2021-06-15T10:38:36-0400 -- empty log message, no input received --
2021-06-15T10:38:36-0400 FTAG - dali_v02-864
2021-06-15T10:38:36-0400 MODELTAG - model_gia-ds-daliwill-210123-v02_new
2021-06-15T10:38:36-0400 STARTING - Rendering
2021-06-15T10:40:04-0400 INFO - Starting ./__Render2Album_EXEC_GLOBAL.sh
2021-06-15T10:40:04-0400 -- empty log message, no input received --
2021-06-15T10:40:04-0400 -- empty log message, no input received --
2021-06-15T10:40:04-0400 FTAG - dali_v02-864
2021-06-15T10:40:06-0400 MODELTAG - model_gia-ds-daliwill-210123-v02_new
2021-06-15T10:40:06-0400 STARTING - Rendering
2021-06-15T10:40:43-0400 INFO - Starting ./__Render2Album_EXEC_GLOBAL.sh
2021-06-15T10:40:43-0400 -- empty log message, no input received --
2021-06-15T10:40:43-0400 -- empty log message, no input received --
2021-06-15T10:40:43-0400 FTAG - dali_v02-864
2021-06-15T10:40:45-0400 MODELTAG - model_gia-ds-daliwill-210123-v02_new
2021-06-15T10:40:45-0400 STARTING - Rendering
2021-06-15T10:43:27-0400 INFO - Starting ./__Render2Album_EXEC_GLOBAL.sh
2021-06-15T10:43:27-0400 -- empty log message, no input received --
2021-06-15T10:43:27-0400 -- empty log message, no input received --
2021-06-15T10:43:27-0400 FTAG - dali_v02-864
2021-06-15T10:43:29-0400 MODELTAG - model_gia-ds-daliwill-210123-v02_new
2021-06-15T10:43:29-0400 STARTING - Rendering
2021-06-15T10:46:57-0400 INFO - Starting ./__Render2Album_EXEC_GLOBAL.sh
2021-06-15T10:46:57-0400 CONFIG - __Render2Album_conf__dali_v02.sh
2021-06-15T10:46:57-0400 -- empty log message, no input received --
2021-06-15T10:46:57-0400 FTAG - dali_v02-864
2021-06-15T10:46:59-0400 MODELTAG - model_gia-ds-daliwill-210123-v02_new
2021-06-15T10:46:59-0400 STARTING - Rendering
2021-06-15T10:47:21-0400 COMPLETED - Rendering
2021-06-15T10:48:10-0400 INFO - Starting ./__Render2Album_EXEC_GLOBAL.sh
2021-06-15T10:48:10-0400 CONFIG - __Render2Album_conf__dali_v02.sh
2021-06-15T10:48:10-0400 -- empty log message, no input received --
2021-06-15T10:48:10-0400 FTAG - dali_v02-864
2021-06-15T10:48:12-0400 MODELTAG - model_gia-ds-daliwill-210123-v02_new
2021-06-15T10:48:12-0400 STARTING - Rendering
2021-06-15T10:50:36-0400 INFO - Starting ./__Render2Album_EXEC_GLOBAL.sh
2021-06-15T10:50:36-0400 CONFIG - __Render2Album_conf__dali_v02.sh
2021-06-15T10:50:36-0400 -- empty log message, no input received --
2021-06-15T10:50:36-0400 FTAG - dali_v02-864
2021-06-15T10:50:38-0400 MODELTAG - model_gia-ds-daliwill-210123-v02_new
2021-06-15T10:50:38-0400 STARTING - Rendering
2021-06-15T10:56:24-0400 INFO - Starting ./__Render2Album_EXEC_GLOBAL.sh
2021-06-15T10:56:24-0400 CONFIG - __Render2Album_conf__dali_v02.sh
2021-06-15T10:56:24-0400 -- empty log message, no input received --
2021-06-15T10:56:24-0400 FTAG - dali_v02-864
2021-06-15T10:56:25-0400 MODELTAG - model_gia-ds-daliwill-210123-v02_new
2021-06-15T10:56:25-0400 STARTING - Rendering
2021-06-15T10:57:02-0400 INFO - Starting ./__Render2Album_EXEC_GLOBAL.sh
2021-06-15T10:57:02-0400 CONFIG - __Render2Album_conf__dali_v02.sh
2021-06-15T10:57:02-0400 -- empty log message, no input received --
2021-06-15T10:57:02-0400 FTAG - dali_v02-864
2021-06-15T10:57:03-0400 MODELTAG - model_gia-ds-daliwill-210123-v02_new
2021-06-15T10:57:03-0400 STARTING - Rendering
2021-06-15T10:58:35-0400 INFO - Starting ./__Render2Album_EXEC_GLOBAL.sh
2021-06-15T10:58:35-0400 CONFIG - __Render2Album_conf__dali_v02.sh
2021-06-15T10:58:35-0400 -- empty log message, no input received --
2021-06-15T10:58:35-0400 FTAG - dali_v02-864
2021-06-15T10:58:36-0400 MODELTAG - model_gia-ds-daliwill-210123-v02_new
2021-06-15T10:58:36-0400 STARTING - Rendering
2021-06-15T11:01:08-0400 INFO - Starting ./__Render2Album_EXEC_GLOBAL.sh
2021-06-15T11:01:08-0400 CONFIG - __Render2Album_conf__dali_v02.sh
2021-06-15T11:01:08-0400 -- empty log message, no input received --
2021-06-15T11:01:09-0400 FTAG - dali_v02-864
2021-06-15T11:01:10-0400 MODELTAG - model_gia-ds-daliwill-210123-v02_new
2021-06-15T11:01:10-0400 STARTING - Rendering
2021-06-15T11:05:24-0400 INFO - Starting ./__Render2Album_EXEC_GLOBAL.sh
2021-06-15T11:05:24-0400 CONFIG - __Render2Album_conf__dali_v02.sh
2021-06-15T11:05:24-0400 -- empty log message, no input received --
2021-06-15T11:05:24-0400 FTAG - dali_v02-864
2021-06-15T11:05:25-0400 MODELTAG - model_gia-ds-daliwill-210123-v02_new
2021-06-15T11:05:25-0400 STARTING - Rendering
2021-06-15T11:12:24-0400 INFO - Starting ./__Render2Album_EXEC_GLOBAL.sh
2021-06-15T11:12:24-0400 CONFIG - __Render2Album_conf__dali_v02.sh
2021-06-15T11:12:24-0400 -- empty log message, no input received --
2021-06-15T11:12:24-0400 FTAG - dali_v02-864
