2021-06-15T11:14:47-0400 INFO - Starting ./_Render2Album__dali_v02.sh
2021-06-15T11:14:47-0400 CONFIG - __Render2Album_conf__dali_v02.sh
2021-06-15T11:14:47-0400 DS - gia-ds-daliwill-210123-v02
2021-06-15T11:14:47-0400 FTAG - dali_v02-864
2021-06-15T11:14:48-0400 MODELTAG - model_gia-ds-daliwill-210123-v02_new
2021-06-15T11:14:48-0400 STARTING - Rendering
2021-06-15T11:16:21-0400 INFO - Starting ./_Render2Album__dali_v02.sh
2021-06-15T11:16:21-0400 CONFIG - __Render2Album_conf__dali_v02.sh
2021-06-15T11:16:21-0400 DS - gia-ds-daliwill-210123-v02
2021-06-15T11:16:21-0400 FTAG - dali_v02-864
2021-06-15T11:16:22-0400 MODELTAG - model_gia-ds-daliwill-210123-v02_new
2021-06-15T11:16:22-0400 STARTING - Rendering
2021-06-15T11:18:46-0400 INFO - Starting ./_Render2Album__dali_v02.sh
2021-06-15T11:18:46-0400 CONFIG - __Render2Album_conf__dali_v02.sh
2021-06-15T11:18:46-0400 DS - gia-ds-daliwill-210123-v02
2021-06-15T11:18:46-0400 FTAG - dali_v02-864
2021-06-15T11:18:47-0400 MODELTAG - model_gia-ds-daliwill-210123-v02_new
2021-06-15T11:18:47-0400 STARTING - Rendering
2021-06-15T11:21:09-0400 INFO - Starting ./_Render2Album__dali_v02.sh
2021-06-15T11:21:09-0400 CONFIG - __Render2Album_conf__dali_v02.sh
2021-06-15T11:21:09-0400 DS - gia-ds-daliwill-210123-v02
2021-06-15T11:21:09-0400 FTAG - dali_v02-864
2021-06-15T11:21:10-0400 MODELTAG - model_gia-ds-daliwill-210123-v02_new
2021-06-15T11:21:10-0400 STARTING - Rendering
2021-06-15T11:22:55-0400 INFO - Starting ./_Render2Album__dali_v02.sh
2021-06-15T11:22:55-0400 CONFIG - __Render2Album_conf__dali_v02.sh
2021-06-15T11:22:55-0400 DS - gia-ds-daliwill-210123-v02
2021-06-15T11:22:55-0400 FTAG - dali_v02-864
2021-06-15T11:22:56-0400 MODELTAG - model_gia-ds-daliwill-210123-v02_new
2021-06-15T11:22:56-0400 STARTING - Rendering
2021-06-15T11:24:40-0400 INFO - Starting ./_Render2Album__dali_v02.sh
2021-06-15T11:24:40-0400 CONFIG - __Render2Album_conf__dali_v02.sh
2021-06-15T11:24:40-0400 DS - gia-ds-daliwill-210123-v02
2021-06-15T11:24:40-0400 FTAG - dali_v02-864
2021-06-15T11:24:41-0400 MODELTAG - model_gia-ds-daliwill-210123-v02_new
2021-06-15T11:24:41-0400 STARTING - Rendering
2021-06-15T11:30:42-0400 INFO - Starting ./_Render2Album__dali_v02.sh
2021-06-15T11:30:42-0400 CONFIG - __Render2Album_conf__dali_v02.sh
2021-06-15T11:30:42-0400 DS - gia-ds-daliwill-210123-v02
2021-06-15T11:30:42-0400 FTAG - dali_v02-864
2021-06-15T11:30:43-0400 MODELTAG - model_gia-ds-daliwill-210123-v02_new
2021-06-15T11:30:43-0400 DEBUG - ds = gia-ds-daliwill-210123-v02
2021-06-15T11:30:43-0400 DEBUG - modelname = model_gia-ds-daliwill-210123-v02_new
2021-06-15T11:30:43-0400 DEBUG - modeltag = model_gia-ds-daliwill-210123-v02_new
2021-06-15T11:30:43-0400 DEBUG - ftag = dali_v02-864
2021-06-15T11:30:43-0400 DEBUG - savedirnamespace = daliwill-210123-v02
2021-06-15T11:30:43-0400 DEBUG - savefulldir = /a/lib/results/daliwill-210123-v02/dali_v02-864
2021-06-15T11:30:45-0400 STARTING - Rendering
2021-06-15T11:32:24-0400 INFO - Starting ./_Render2Album__dali_v02.sh
2021-06-15T11:32:24-0400 CONFIG - __Render2Album_conf__dali_v02.sh
2021-06-15T11:32:24-0400 DS - gia-ds-daliwill-210123-v02
2021-06-15T11:32:24-0400 FTAG - dali_v02-864
2021-06-15T11:32:25-0400 MODELTAG - model_gia-ds-daliwill-210123-v02_new
2021-06-15T11:32:25-0400 DEBUG - ds = gia-ds-daliwill-210123-v02
2021-06-15T11:32:25-0400 DEBUG - modelname = model_gia-ds-daliwill-210123-v02_new
2021-06-15T11:32:25-0400 DEBUG - modeltag = model_gia-ds-daliwill-210123-v02_new
2021-06-15T11:32:25-0400 DEBUG - ftag = dali_v02-864
2021-06-15T11:32:25-0400 DEBUG - savedirnamespace = daliwill-210123-v02
2021-06-15T11:32:25-0400 DEBUG - savefulldir = /a/lib/results/daliwill-210123-v02/dali_v02-864
2021-06-15T11:32:27-0400 STARTING - Rendering
2021-06-15T11:40:45-0400 INFO - Starting ./_Render2Album__dali_v02.sh
2021-06-15T11:40:45-0400 CONFIG - __Render2Album_conf__dali_v02.sh
2021-06-15T11:40:45-0400 DS - gia-ds-daliwill-210123-v02
2021-06-15T11:40:45-0400 FTAG - dali_v02-864
2021-06-15T11:40:46-0400 MODELTAG - model_gia-ds-daliwill-210123-v02_new
2021-06-15T11:40:46-0400 DEBUG - ds = gia-ds-daliwill-210123-v02
2021-06-15T11:40:46-0400 DEBUG - modelname = model_gia-ds-daliwill-210123-v02_new
2021-06-15T11:40:46-0400 DEBUG - modeltag = model_gia-ds-daliwill-210123-v02_new
2021-06-15T11:40:46-0400 DEBUG - ftag = dali_v02-864
2021-06-15T11:40:46-0400 DEBUG - savedirnamespace = daliwill-210123-v02
2021-06-15T11:40:46-0400 DEBUG - savefulldir = /a/lib/results/daliwill-210123-v02/dali_v02-864
2021-06-15T11:40:48-0400 STARTING - Rendering
2021-06-15T11:41:45-0400 COMPLETED - Rendering
2021-06-15T11:44:13-0400 INFO - Starting ./_Render2Album__dali_v02.sh
2021-06-15T11:44:13-0400 CONFIG - __Render2Album_conf__dali_v02.sh
2021-06-15T11:44:13-0400 DS - gia-ds-daliwill-210123-v02
2021-06-15T11:44:13-0400 FTAG - dali_v02-864
2021-06-15T11:44:14-0400 MODELTAG - model_gia-ds-daliwill-210123-v02_new
2021-06-15T11:44:14-0400 DEBUG - ds = gia-ds-daliwill-210123-v02
2021-06-15T11:44:14-0400 DEBUG - modelname = model_gia-ds-daliwill-210123-v02_new
2021-06-15T11:44:14-0400 DEBUG - modeltag = model_gia-ds-daliwill-210123-v02_new
2021-06-15T11:44:14-0400 DEBUG - ftag = dali_v02-864
2021-06-15T11:44:14-0400 DEBUG - savedirnamespace = daliwill-210123-v02
2021-06-15T11:44:14-0400 DEBUG - savefulldir = /a/lib/results/daliwill-210123-v02/dali_v02-864
2021-06-15T11:44:16-0400 STARTING - Rendering
2021-06-16T20:06:42-0400 INFO - Starting ./_Render2Album__dali_v02.sh
2021-06-16T20:06:42-0400 CONFIG - __Render2Album_conf__dali_v02.sh
2021-06-16T20:06:42-0400 DS - gia-ds-daliwill-210123-v02
2021-06-16T20:06:42-0400 FTAG - dali_v02-300
2021-06-16T20:06:43-0400 MODELTAG - model_gia-ds-daliwill-210123-v02_new
2021-06-16T20:06:43-0400 DEBUG - ds = gia-ds-daliwill-210123-v02
2021-06-16T20:06:43-0400 DEBUG - modelname = model_gia-ds-daliwill-210123-v02_new
2021-06-16T20:06:43-0400 DEBUG - modeltag = model_gia-ds-daliwill-210123-v02_new
2021-06-16T20:06:43-0400 DEBUG - ftag = dali_v02-300
2021-06-16T20:06:43-0400 DEBUG - savedirnamespace = daliwill-210123-v02
2021-06-16T20:06:43-0400 DEBUG - savefulldir = /a/lib/results/daliwill-210123-v02/dali_v02-300
2021-06-16T20:06:45-0400 STARTING - Rendering
2021-06-16T20:09:46-0400 COMPLETED - Rendering
2021-06-16T20:13:10-0400 INFO - Starting ./_Render2Album__dali_v02.sh
2021-06-16T20:13:10-0400 CONFIG - __Render2Album_conf__dali_v02.sh
2021-06-16T20:13:10-0400 DS - gia-ds-daliwill-210123-v02
2021-06-16T20:13:10-0400 FTAG - dali_v02-512
2021-06-16T20:13:11-0400 MODELTAG - model_gia-ds-daliwill-210123-v02_new
2021-06-16T20:13:12-0400 DEBUG - ds = gia-ds-daliwill-210123-v02
2021-06-16T20:13:12-0400 DEBUG - modelname = model_gia-ds-daliwill-210123-v02_new
2021-06-16T20:13:12-0400 DEBUG - modeltag = model_gia-ds-daliwill-210123-v02_new
2021-06-16T20:13:12-0400 DEBUG - ftag = dali_v02-512
2021-06-16T20:13:12-0400 DEBUG - savedirnamespace = daliwill-210123-v02
2021-06-16T20:13:12-0400 DEBUG - savefulldir = /a/lib/results/daliwill-210123-v02/dali_v02-512
2021-06-16T20:13:56-0400 INFO - Starting ./_Render2Album__dali_v02.sh
2021-06-16T20:13:56-0400 CONFIG - __Render2Album_conf__dali_v02.sh
2021-06-16T20:13:56-0400 DS - gia-ds-daliwill-210123-v02
2021-06-16T20:13:56-0400 FTAG - dali_v02-512
2021-06-16T20:13:57-0400 MODELTAG - model_gia-ds-daliwill-210123-v02_new
2021-06-16T20:13:57-0400 DEBUG - ds = gia-ds-daliwill-210123-v02
2021-06-16T20:13:57-0400 DEBUG - modelname = model_gia-ds-daliwill-210123-v02_new
2021-06-16T20:13:57-0400 DEBUG - modeltag = model_gia-ds-daliwill-210123-v02_new
2021-06-16T20:13:57-0400 DEBUG - ftag = dali_v02-512
2021-06-16T20:13:57-0400 DEBUG - savedirnamespace = daliwill-210123-v02
2021-06-16T20:13:57-0400 DEBUG - savefulldir = /a/lib/results/daliwill-210123-v02/dali_v02-512
2021-06-16T20:13:59-0400 STARTING - Rendering
2021-06-16T20:17:00-0400 COMPLETED - Rendering
