2021-06-18T19:21:03-0400 INFO - Starting ./_Render2Album__ink_v01_tst3.sh
2021-06-18T19:21:03-0400 CONFIG - __Render2Album_conf__ink_v01_tst3.sh
2021-06-18T19:21:03-0400 DS - gia-ds-Inktobers-v01-210611-864x
2021-06-18T19:21:03-0400 FTAG - ink_v01_tst3-2200
2021-06-18T19:21:03-0400 MODELTAG - model_gia-ds-Inktobers-v01-210611-864x_new
2021-06-18T19:21:04-0400 DEBUG - ds = gia-ds-Inktobers-v01-210611-864x
2021-06-18T19:21:04-0400 DEBUG - modelname = model_gia-ds-Inktobers-v01-210611-864x_new
2021-06-18T19:21:04-0400 DEBUG - modeltag = model_gia-ds-Inktobers-v01-210611-864x_new
2021-06-18T19:21:04-0400 DEBUG - ftag = ink_v01_tst3-2200
2021-06-18T19:21:04-0400 DEBUG - savedirnamespace = Inktobers-v01-210611-864x
2021-06-18T19:21:04-0400 DEBUG - savefulldir = /a/lib/results/Inktobers-v01-210611-864x/ink_v01_tst3-2200
2021-06-18T19:21:06-0400 STARTING - Rendering
2021-06-19T00:47:38-0400 INFO - Starting ./_Render2Album__ink_v01_tst3.sh
2021-06-19T00:47:38-0400 CONFIG - __Render2Album_conf__ink_v01_tst3.sh
2021-06-19T00:47:38-0400 DS - gia-ds-Inktobers-v01-210611-864x
2021-06-19T00:47:38-0400 FTAG - ink_v01_tst4-2202
2021-06-19T00:47:38-0400 MODELTAG - model_gia-ds-Inktobers-v01-210611-864x_new
2021-06-19T00:47:38-0400 DEBUG - ds = gia-ds-Inktobers-v01-210611-864x
2021-06-19T00:47:38-0400 DEBUG - modelname = model_gia-ds-Inktobers-v01-210611-864x_new
2021-06-19T00:47:38-0400 DEBUG - modeltag = model_gia-ds-Inktobers-v01-210611-864x_new
2021-06-19T00:47:38-0400 DEBUG - ftag = ink_v01_tst4-2202
2021-06-19T00:47:38-0400 DEBUG - savedirnamespace = Inktobers-v01-210611-864x
2021-06-19T00:47:38-0400 DEBUG - savefulldir = /a/lib/results/Inktobers-v01-210611-864x/ink_v01_tst4-2202
2021-06-19T00:47:40-0400 STARTING - Rendering
2021-06-19T00:49:24-0400 COMPLETED - Rendering
