2021-07-03T19:35:34-0400 INFO - Starting ./_Render2Album__ink_v01_195ik.sh
2021-07-03T19:35:34-0400 CONFIG - __Render2Album_conf__ink_v01_195ik.sh
2021-07-03T19:35:34-0400 DS - gia-ds-Inktobers-v01-210611-864x
2021-07-03T19:35:34-0400 FTAG - ink_v01_195ik-512
2021-07-03T19:35:34-0400 MODELTAG - model_gia-ds-Inktobers-v01-210611-864x_new
2021-07-03T19:35:34-0400 DEBUG - ds = gia-ds-Inktobers-v01-210611-864x
2021-07-03T19:35:34-0400 DEBUG - modelname = model_gia-ds-Inktobers-v01-210611-864x_new
2021-07-03T19:35:34-0400 DEBUG - modeltag = model_gia-ds-Inktobers-v01-210611-864x_new
2021-07-03T19:35:34-0400 DEBUG - ftag = ink_v01_195ik-512
2021-07-03T19:35:34-0400 DEBUG - savedirnamespace = Inktobers-v01-210611-864x
2021-07-03T19:35:34-0400 DEBUG - savefulldir = /a/lib/results/Inktobers-v01-210611-864x/ink_v01_195ik-512
2021-07-03T19:35:36-0400 STARTING - Rendering
2021-07-03T19:36:07-0400 COMPLETED - Rendering
2021-07-03T19:36:34-0400 INFO - Starting ./_Render2Album__ink_v01_195ik.sh
2021-07-03T19:36:34-0400 CONFIG - __Render2Album_conf__ink_v01_195ik.sh
2021-07-03T19:36:34-0400 DS - gia-ds-Inktobers-v01-210611-864x
2021-07-03T19:36:34-0400 FTAG - ink_v01_195ik-512
2021-07-03T19:36:34-0400 MODELTAG - model_gia-ds-Inktobers-v01-210611-864x_new
2021-07-03T19:36:34-0400 DEBUG - ds = gia-ds-Inktobers-v01-210611-864x
2021-07-03T19:36:34-0400 DEBUG - modelname = model_gia-ds-Inktobers-v01-210611-864x_new
2021-07-03T19:36:34-0400 DEBUG - modeltag = model_gia-ds-Inktobers-v01-210611-864x_new
2021-07-03T19:36:34-0400 DEBUG - ftag = ink_v01_195ik-512
2021-07-03T19:36:34-0400 DEBUG - savedirnamespace = Inktobers-v01-210611-864x
2021-07-03T19:36:34-0400 DEBUG - savefulldir = /a/lib/results/Inktobers-v01-210611-864x/ink_v01_195ik-512
2021-07-03T19:36:36-0400 STARTING - Rendering
2021-07-03T19:43:30-0400 COMPLETED - Rendering
